Arguments: 
  /Users/chris/.nvm/versions/node/v7.3.0/bin/node /usr/local/bin/yarn add ember-cli-mirage

PATH: 
  /Users/chris/.rvm/gems/ruby-2.3.0/bin:/Users/chris/.rvm/gems/ruby-2.3.0@global/bin:/Users/chris/.rvm/rubies/ruby-2.3.0/bin:/Users/chris/.nvm/versions/node/v7.3.0/bin:/Applications/Postgres.app/Contents/Versions/9.4/bin:/Applications/Postgres.app/Contents/Versions/9.4/bin:/Users/chris/.rbenv/shims:/usr/local/bin:/usr/bin:/bin:/usr/bin:/bin:/usr/sbin:/sbin:/usr/local/bin:/Users/chris/.rvm/bin

Yarn version: 
  0.18.1

Node version: 
  7.3.0

Platform: 
  darwin x64

npm manifest: 
  {
    "name": "msdc-clean",
    "version": "0.0.0",
    "description": "Small description for msdc-clean goes here",
    "license": "MIT",
    "author": "",
    "directories": {
      "doc": "doc",
      "test": "tests"
    },
    "repository": "",
    "scripts": {
      "build": "ember build",
      "start": "ember server",
      "test": "ember test"
    },
    "devDependencies": {
      "broccoli-asset-rev": "^2.4.5",
      "ember-ajax": "^2.4.1",
      "ember-cli": "2.11.1",
      "ember-cli-app-version": "^2.0.0",
      "ember-cli-babel": "^5.1.7",
      "ember-cli-dependency-checker": "^1.3.0",
      "ember-cli-htmlbars": "^1.1.1",
      "ember-cli-htmlbars-inline-precompile": "^0.3.6",
      "ember-cli-inject-live-reload": "^1.4.1",
      "ember-cli-jshint": "^2.0.1",
      "ember-cli-qunit": "^3.0.1",
      "ember-cli-release": "^0.2.9",
      "ember-cli-shims": "^1.0.2",
      "ember-cli-sri": "^2.1.0",
      "ember-cli-test-loader": "^1.1.0",
      "ember-cli-uglify": "^1.2.0",
      "ember-data": "^2.11.0",
      "ember-export-application-global": "^1.0.5",
      "ember-load-initializers": "^0.6.0",
      "ember-resolver": "^2.0.3",
      "ember-source": "~2.11.0",
      "loader.js": "^4.0.10"
    },
    "engines": {
      "node": ">= 0.12.0"
    },
    "private": true
  }

yarn manifest: 
  No manifest

Lockfile: 
  No lockfile

Trace: 
  Error: getaddrinfo ENOTFOUND registry.yarnpkg.com registry.yarnpkg.com:443
      at errnoException (dns.js:28:10)
      at GetAddrInfoReqWrap.onlookup [as oncomplete] (dns.js:76:26)
